<?xml version="1.0" encoding="UTF-8"?>
<testng-results ignored="0" total="1" passed="1" failed="0" skipped="0">
  <reporter-output>
  </reporter-output>
  <suite started-at="2024-11-05T21:59:29 IST" name="Default suite" finished-at="2024-11-05T21:59:48 IST" duration-ms="18943">
    <groups>
    </groups>
    <test started-at="2024-11-05T21:59:29 IST" name="Default test" finished-at="2024-11-05T21:59:48 IST" duration-ms="18943">
      <class name="framework.AddCourseTestNGImplementationTest">
        <test-method is-config="true" signature="classConfig()[pri:0, instance:framework.AddCourseTestNGImplementationTest@3c77d488]" started-at="2024-11-05T21:59:29 IST" name="classConfig" finished-at="2024-11-05T21:59:36 IST" duration-ms="6346" status="PASS">
          <reporter-output>
          </reporter-output>
        </test-method> <!-- classConfig -->
        <test-method is-config="true" signature="methodConfig()[pri:0, instance:framework.AddCourseTestNGImplementationTest@3c77d488]" started-at="2024-11-05T21:59:36 IST" name="methodConfig" finished-at="2024-11-05T21:59:39 IST" duration-ms="3527" status="PASS">
          <reporter-output>
          </reporter-output>
        </test-method> <!-- methodConfig -->
        <test-method signature="addCourseTest()[pri:0, instance:framework.AddCourseTestNGImplementationTest@3c77d488]" started-at="2024-11-05T21:59:39 IST" name="addCourseTest" finished-at="2024-11-05T21:59:47 IST" duration-ms="7289" status="PASS">
          <reporter-output>
          </reporter-output>
        </test-method> <!-- addCourseTest -->
        <test-method is-config="true" signature="methodTeardown()[pri:0, instance:framework.AddCourseTestNGImplementationTest@3c77d488]" started-at="2024-11-05T21:59:47 IST" name="methodTeardown" finished-at="2024-11-05T21:59:48 IST" duration-ms="916" status="PASS">
          <reporter-output>
          </reporter-output>
        </test-method> <!-- methodTeardown -->
        <test-method is-config="true" signature="classTeardown()[pri:0, instance:framework.AddCourseTestNGImplementationTest@3c77d488]" started-at="2024-11-05T21:59:48 IST" name="classTeardown" finished-at="2024-11-05T21:59:48 IST" duration-ms="319" status="PASS">
          <reporter-output>
          </reporter-output>
        </test-method> <!-- classTeardown -->
      </class> <!-- framework.AddCourseTestNGImplementationTest -->
    </test> <!-- Default test -->
  </suite> <!-- Default suite -->
</testng-results>
